<?xml version="1.0" encoding="UTF-8"?>
<!-- Generated by org.testng.reporters.JUnitXMLReporter -->
<testsuite ignored="0" hostname="DESKTOP-QPJTBPD" failures="0" tests="1" name="Default test" time="0.41" errors="0" timestamp="2022-09-21T17:22:40 IST">
  <testcase classname="browsercompatibility.Varifyaccount$Varifycreateaccorwatchlist" name="@BeforeTest launchBrowser" time="-1.663761160207E9">
    <failure type="org.testng.TestNGException" message="
Parameter &amp;apos;browser&amp;apos; is required by BeforeTest on method launchBrowser but has not been marked @Optional or defined
in C:\Users\DELL\AppData\Local\Temp\testng-eclipse-1715794055\testng-customsuite.xml">
      <![CDATA[org.testng.TestNGException: 
Parameter 'browser' is required by BeforeTest on method launchBrowser but has not been marked @Optional or defined
in C:\Users\DELL\AppData\Local\Temp\testng-eclipse-1715794055\testng-customsuite.xml
at org.testng.internal.Parameters.createParams(Parameters.java:270)
at org.testng.internal.Parameters.createParametersForMethod(Parameters.java:358)
at org.testng.internal.Parameters.createParameters(Parameters.java:700)
at org.testng.internal.Parameters.createConfigurationParameters(Parameters.java:168)
at org.testng.internal.ConfigInvoker.invokeConfigurations(ConfigInvoker.java:302)
at org.testng.TestRunner.invokeTestConfigurations(TestRunner.java:637)
at org.testng.TestRunner.beforeRun(TestRunner.java:627)
at org.testng.TestRunner.run(TestRunner.java:589)
at org.testng.SuiteRunner.runTest(SuiteRunner.java:377)
at org.testng.SuiteRunner.runSequentially(SuiteRunner.java:371)
at org.testng.SuiteRunner.privateRun(SuiteRunner.java:332)
at org.testng.SuiteRunner.run(SuiteRunner.java:276)
at org.testng.SuiteRunnerWorker.runSuite(SuiteRunnerWorker.java:53)
at org.testng.SuiteRunnerWorker.run(SuiteRunnerWorker.java:96)
at org.testng.TestNG.runSuitesSequentially(TestNG.java:1212)
at org.testng.TestNG.runSuitesLocally(TestNG.java:1134)
at org.testng.TestNG.runSuites(TestNG.java:1063)
at org.testng.TestNG.run(TestNG.java:1031)
at org.testng.remote.AbstractRemoteTestNG.run(AbstractRemoteTestNG.java:115)
at org.testng.remote.RemoteTestNG.initAndRun(RemoteTestNG.java:251)
at org.testng.remote.RemoteTestNG.main(RemoteTestNG.java:77)
]]>
    </failure>
  </testcase> <!-- @BeforeTest launchBrowser -->
  <testcase classname="browsercompatibility.Varifyaccount$Varifycreateaccorwatchlist" name="@BeforeClass createPOMobjects" time="-1.663761160378E9">
    <skipped/>
  </testcase> <!-- @BeforeClass createPOMobjects -->
  <testcase classname="browsercompatibility.Varifyaccount$Varifycreateaccorwatchlist" name="@BeforeMethod openRoomsPage" time="-1.663761160488E9">
    <skipped/>
  </testcase> <!-- @BeforeMethod openRoomsPage -->
  <testcase classname="browsercompatibility.Varifyaccount$Varifycreateaccorwatchlist" name="@AfterMethod logOutFromAppln" time="-1.663761160525E9">
    <skipped/>
  </testcase> <!-- @AfterMethod logOutFromAppln -->
  <testcase classname="browsercompatibility.Varifyaccount$Varifycreateaccorwatchlist" name="@AfterClass cleanPOMObject" time="-1.66376116054E9">
    <skipped/>
  </testcase> <!-- @AfterClass cleanPOMObject -->
  <testcase classname="browsercompatibility.Varifyaccount$Varifycreateaccorwatchlist" name="@AfterTest closeBrowser" time="-1.663761160559E9">
    <skipped/>
  </testcase> <!-- @AfterTest closeBrowser -->
  <testcase classname="browsercompatibility.Varifyaccount$Varifycreateaccorwatchlist" name="verifycreatenewacc" time="0.0">
    <skipped/>
  </testcase> <!-- verifycreatenewacc -->
</testsuite> <!-- Default test -->
